#
# A fatal error has been detected by the Java Runtime Environment:
#
#  EXCEPTION_ACCESS_VIOLATION (0xc0000005) at pc=0x0000014d878c691f, pid=43264, tid=15532
#
# JRE version: Java(TM) SE Runtime Environment (18.0.2.1+1) (build 18.0.2.1+1-1)
# Java VM: Java HotSpot(TM) 64-Bit Server VM (18.0.2.1+1-1, mixed mode, emulated-client, sharing, tiered, compressed oops, compressed class ptrs, g1 gc, windows-amd64)
# Problematic frame:
# v  ~BufferBlob::MethodHandles adapters
#
# No core dump will be written. Minidumps are not enabled by default on client versions of Windows
#
# If you would like to submit a bug report, please visit:
#   https://bugreport.java.com/bugreport/crash.jsp
#

---------------  S U M M A R Y ------------

Command Line: -XX:+ShowCodeDetailsInExceptionMessages -agentlib:jdwp=transport=dt_socket,suspend=y,address=localhost:55793 -Dcom.sun.management.jmxremote -Dcom.sun.management.jmxremote.port=55792 -Dcom.sun.management.jmxremote.authenticate=false -Dcom.sun.management.jmxremote.ssl=false -Djava.rmi.server.hostname=localhost -Dspring.jmx.enabled=true -Dspring.liveBeansView.mbeanDomain -Dspring.application.admin.enabled=true -XX:TieredStopAtLevel=1 -Dspring.boot.project.name=e-care-services -javaagent:D:\Ankur_Wadatkar\Softwares\spring-tool-suite-3.9.18.RELEASE-e4.21.0-win32-x86_64\sts-bundle\sts-3.9.18.RELEASE\configuration\org.eclipse.osgi\312\0\.cp\lib\javaagent-shaded.jar -Dfile.encoding=UTF-8 com.bs.ECareServicesApplication --spring.output.ansi.enabled=always

Host: 11th Gen Intel(R) Core(TM) i3-1125G4 @ 2.00GHz, 8 cores, 7G,  Windows 11 , 64 bit Build 22621 (10.0.22621.1344)
Time: Sun Apr  2 10:47:18 2023 India Standard Time elapsed time: 125.807348 seconds (0d 0h 2m 5s)

---------------  T H R E A D  ---------------

Current thread (0x0000014d9629a260):  JavaThread "http-nio-2222-exec-5" daemon [_thread_in_Java, id=15532, stack(0x0000003ae8200000,0x0000003ae8300000)]

Stack: [0x0000003ae8200000,0x0000003ae8300000],  sp=0x0000003ae82fd418,  free space=1013k
Native frames: (J=compiled Java code, j=interpreted, Vv=VM code, C=native code)
C  0x0000014d878c691f


siginfo: EXCEPTION_ACCESS_VIOLATION (0xc0000005), reading address 0xffffffffffffffff


Register to memory mapping:

RIP=0x0000014d878c691f is at begin+72 in a stub
MethodHandle::interpreter_entry::_linkToVirtual [0x0000014d878c68d7, 0x0000014d878c692a] (83 bytes)
RAX=0x0000014d8787a304 is at code_begin+4516 in an Interpreter codelet
return entry points  [0x0000014d87879160, 0x0000014d8787b0a0]  8000 bytes
RBX=0x000e00000008006d is an unknown value
RCX=0x0000003ae82fd420 is pointing into the stack for thread: 0x0000014d9629a260
RDX=0x0000000000000002 is an unknown value
RSP=0x0000003ae82fd418 is pointing into the stack for thread: 0x0000014d9629a260
RBP=0x0000003ae82fd468 is pointing into the stack for thread: 0x0000014d9629a260
RSI=0x0000014d95d869e8 points into unknown readable memory: 0x8800752916ddef31 | 31 ef dd 16 29 75 00 88
RDI=0x0000014d95c6d7e0 points into unknown readable memory: 0x0000001800000060 | 60 00 00 00 18 00 00 00
R8 =0x0000000000000004 is an unknown value
R9 =0x0000000000000004 is an unknown value
R10=0x00000008006dd3f2 is pointing into metadata
R11=0x0000000000000009 is an unknown value
R12=0x0 is NULL
R13=0x0000003ae82fd418 is pointing into the stack for thread: 0x0000014d9629a260
R14=0x0000003ae82fd488 is pointing into the stack for thread: 0x0000014d9629a260
R15=0x0000014d9629a260 is a thread


Registers:
RAX=0x0000014d8787a304, RBX=0x000e00000008006d, RCX=0x0000003ae82fd420, RDX=0x0000000000000002
RSP=0x0000003ae82fd418, RBP=0x0000003ae82fd468, RSI=0x0000014d95d869e8, RDI=0x0000014d95c6d7e0
R8 =0x0000000000000004, R9 =0x0000000000000004, R10=0x00000008006dd3f2, R11=0x0000000000000009
R12=0x0000000000000000, R13=0x0000003ae82fd418, R14=0x0000003ae82fd488, R15=0x0000014d9629a260
RIP=0x0000014d878c691f, EFLAGS=0x0000000000010202

Top of Stack: (sp=0x0000003ae82fd418)
0x0000003ae82fd418:   0000014d8787a304 0000003ae82fd420
0x0000003ae82fd428:   00000008006dd3f2 0000003ae82fd488
0x0000003ae82fd438:   00000008000c4a00 000000008711f6f0
0x0000003ae82fd448:   0000000085cfd420 00000008000c72d8
0x0000003ae82fd458:   0000003ae82fd418 0000003ae82fd490
0x0000003ae82fd468:   0000003ae82fd7b8 0000014d87eee016
0x0000003ae82fd478:   000000008711fbf0 00000000871d0750
0x0000003ae82fd488:   000000008711fb88 000000008711fb40
0x0000003ae82fd498:   0000000000000000 0000003ae82fd7b8
0x0000003ae82fd4a8:   0000014d87c7c4c4 000000008711fb60
0x0000003ae82fd4b8:   00000000871d0750 000000008711fc60
0x0000003ae82fd4c8:   000000008711fb88 00000000871d0750
0x0000003ae82fd4d8:   0000014d87eedf34 0000003ae82fd7b8
0x0000003ae82fd4e8:   0000014d8816a826 0000000000000000
0x0000003ae82fd4f8:   000000080136bfa0 00000000880000b8
0x0000003ae82fd508:   0000000000000000 00007ff8e16153b0 

Instructions: (pc=0x0000014d878c691f)
0x0000014d878c681f:   00 68 00 00 00 ff ff ff ff 10 10 00 00 00 00 00
0x0000014d878c682f:   00 80 68 8c 87 4d 01 00 00 20 78 8c 87 4d 01 00
0x0000014d878c683f:   00 80 68 8c 87 4d 01 00 00 20 78 8c 87 4d 01 00
0x0000014d878c684f:   00 78 68 8c 87 4d 01 00 00 78 68 8c 87 4d 01 00
0x0000014d878c685f:   00 00 00 00 00 00 00 00 00 00 00 00 00 00 00 00
0x0000014d878c686f:   00 08 3a 5c e1 f8 7f 00 00 00 00 00 00 00 00 00
0x0000014d878c687f:   00 f4 66 66 66 0f 1f 84 00 00 00 00 00 66 66 66
0x0000014d878c688f:   90 66 66 66 0f 1f 84 00 00 00 00 00 66 66 66 90
0x0000014d878c689f:   90 48 8b 53 08 0f b7 52 2c 48 8b 0c d4 8b 59 14
0x0000014d878c68af:   8b 5b 28 8b 5b 24 48 8b 5b 10 48 85 db 0f 84 10
0x0000014d878c68bf:   00 00 00 41 80 bf 80 04 00 00 00 74 03 ff 63 38
0x0000014d878c68cf:   ff 63 50 e9 a9 aa fd ff 66 0f 1f 84 00 00 00 00
0x0000014d878c68df:   00 48 8b 53 08 0f b7 52 2c 48 8b 0c d4 58 5b 50
0x0000014d878c68ef:   44 8b 51 08 49 bb 00 00 00 00 08 00 00 00 4d 03
0x0000014d878c68ff:   d3 4c 8b 5b 10 4b 8b 9c da b8 01 00 00 48 85 db
0x0000014d878c690f:   0f 84 10 00 00 00 41 80 bf 80 04 00 00 00 74 03
0x0000014d878c691f:   ff 63 38 ff 63 50 e9 56 aa fd ff 66 66 66 0f 1f
0x0000014d878c692f:   84 00 00 00 00 00 66 66 66 90 0f 1f 80 00 00 00
0x0000014d878c693f:   00 58 5b 50 8b 5b 24 48 8b 5b 10 48 85 db 0f 84
0x0000014d878c694f:   10 00 00 00 41 80 bf 80 04 00 00 00 74 03 ff 63
0x0000014d878c695f:   38 ff 63 50 e9 18 aa fd ff 66 66 66 0f 1f 84 00
0x0000014d878c696f:   00 00 00 00 66 66 66 90 66 0f 1f 84 00 00 00 00
0x0000014d878c697f:   00 48 8b 53 08 0f b7 52 2c 48 8b 0c d4 58 5b 50
0x0000014d878c698f:   48 3b 01 8b 5b 24 48 8b 5b 10 48 85 db 0f 84 10
0x0000014d878c699f:   00 00 00 41 80 bf 80 04 00 00 00 74 03 ff 63 38
0x0000014d878c69af:   ff 63 50 e9 c9 a9 fd ff 66 0f 1f 84 00 00 00 00
0x0000014d878c69bf:   00 48 8b 53 08 0f b7 52 2c 48 8b 0c d4 58 5b 50
0x0000014d878c69cf:   44 8b 51 08 49 bb 00 00 00 00 08 00 00 00 4d 03
0x0000014d878c69df:   d3 8b 43 18 48 8b 40 10 48 8b 5b 10 45 8b 9a a0
0x0000014d878c69ef:   00 00 00 4f 8d 9c da b8 01 00 00 4d 8d 14 da 49
0x0000014d878c69ff:   8b 1b 48 3b c3 74 15 48 85 db 0f 84 32 00 00 00
0x0000014d878c6a0f:   49 83 c3 10 49 8b 1b 48 3b c3 75 eb 45 8b 5b 08 


Stack slot to memory mapping:
stack at sp + 0 slots: 0x0000014d8787a304 is at code_begin+4516 in an Interpreter codelet
return entry points  [0x0000014d87879160, 0x0000014d8787b0a0]  8000 bytes
stack at sp + 1 slots: 0x0000003ae82fd420 is pointing into the stack for thread: 0x0000014d9629a260
stack at sp + 2 slots: 0x00000008006dd3f2 is pointing into metadata
stack at sp + 3 slots: 0x0000003ae82fd488 is pointing into the stack for thread: 0x0000014d9629a260
stack at sp + 4 slots: 0x00000008000c4a00 is pointing into metadata
stack at sp + 5 slots: 0x000000008711f6f0 is an oop: java.lang.ref.WeakReference 
{0x000000008711f6f0} - klass: 'java/lang/ref/WeakReference'
 - ---- fields (total size 4 words):
 - private 'referent' 'Ljava/lang/Object;' @12  a 'java/lang/Class'{0x000000008711f710} = 'org/springframework/web/method/support/InvocableHandlerMethod' (8711f710)
 - volatile 'queue' 'Ljava/lang/ref/ReferenceQueue;' @16  a 'java/lang/ref/ReferenceQueue$Null'{0x0000000085ceb098} (85ceb098)
 - volatile 'next' 'Ljava/lang/ref/Reference;' @20  NULL (0)
 - private transient 'discovered' 'Ljava/lang/ref/Reference;' @24  NULL (0)
stack at sp + 6 slots: 0x0000000085cfd420 is an oop: java.lang.Class 
{0x0000000085cfd420} - klass: 'java/lang/Class'
 - ---- fields (total size 14 words):
 - private volatile transient 'classRedefinedCount' 'I' @12  0
 - abstract internal 'klass' 'J' @16  34360542752 (c4620 8)
 - abstract internal 'array_klass' 'J' @24  0 (0 0)
 - abstract internal 'oop_size' 'I' @32  14 (e)
 - abstract internal 'static_oop_field_count' 'I' @36  0
 - private volatile transient 'cachedConstructor' 'Ljava/lang/reflect/Constructor;' @40  NULL (0)
 - private transient 'name' 'Ljava/lang/String;' @44  NULL (0)
 - private transient 'module' 'Ljava/lang/Module;' @48  a 'java/lang/Module'{0x0000000085cdb280} (85cdb280)
 - private final 'classLoader' 'Ljava/lang/ClassLoader;' @52  NULL (0)
 - private transient 'classData' 'Ljava/lang/Object;' @56  NULL (0)
 - private transient 'packageName' 'Ljava/lang/String;' @60  NULL (0)
 - private final 'componentType' 'Ljava/lang/Class;' @64  NULL (0)
 - private volatile transient 'reflectionData' 'Ljava/lang/ref/SoftReference;' @68  NULL (0)
 - private volatile transient 'genericInfo' 'Lsun/reflect/generics/repository/ClassRepository;' @72  NULL (0)
 - private volatile transient 'enumConstants' '[Ljava/lang/Object;' @76  NULL (0)
 - private volatile transient 'enumConstantDirectory' 'Ljava/util/Map;' @80  NULL (0)
 - private volatile transient 'annotationData' 'Ljava/lang/Class$AnnotationData;' @84  NULL (0)
 - private volatile transient 'annotationType' 'Lsun/reflect/annotation/AnnotationType;' @88  NULL (0)
 - transient 'classValueMap' 'Ljava/lang/ClassValue$ClassValueMap;' @92  NULL (0)
 - abstract internal 'protection_domain' 'Ljava/lang/Object;' @96  NULL (0)
 - abstract internal 'signers_name' 'Ljava/lang/Object;' @100  NULL (0)
 - abstract internal 'source_file' 'Ljava/lang/Object;' @104  NULL (0)
 - signature: Ljava/lang/invoke/DirectMethodHandle$Holder;
 - ---- static fields (0):
stack at sp + 7 slots: {method} {0x00000008000c72e0} 'invokeVirtual' '(Ljava/lang/Object;Ljava/lang/Object;)Ljava/lang/Object;' in 'java/lang/invoke/DirectMethodHandle$Holder'

MethodHandle::interpreter_entry::_linkToVirtual [0x0000014d878c68d7, 0x0000014d878c692a] (83 bytes)
[MachCode]
  0x0000014d878c68d7: 660f 1f84 | 0000 0000 | 0048 8b53 | 080f b752 | 2c48 8b0c | d458 5b50 | 448b 5108 | 49bb 0000 
  0x0000014d878c68f7: 0000 0800 | 0000 4d03 | d34c 8b5b | 104b 8b9c | dab8 0100 | 0048 85db | 0f84 1000 | 0000 4180 
  0x0000014d878c6917: bf80 0400 | 0000 7403 | ff63 38ff | 6350 e956 | 
[/MachCode]

---------------  P R O C E S S  ---------------

Threads class SMR info:
_java_thread_list=0x0000014d956e6310, length=36, elements={
0x0000014d8ebcdd10, 0x0000014d8ebce5c0, 0x0000014d8ebe58e0, 0x0000014d8ebe6190,
0x0000014d8ebe6a40, 0x0000014d8ebe72f0, 0x0000014d8ebe8b80, 0x0000014d8ebf62f0,
0x0000014d93cb4c40, 0x0000014d93d05300, 0x0000014d93d1e8d0, 0x0000014d93d24fc0,
0x0000014d941ec8f0, 0x0000014d942b5560, 0x0000014d942a20c0, 0x0000014d942f8420,
0x0000014d956b56a0, 0x0000014d956bc760, 0x0000014d956bcc20, 0x0000014d94b3d560,
0x0000014d94b3da30, 0x0000014d962980b0, 0x0000014d9629b5a0, 0x0000014d9629dc20,
0x0000014d9629ac00, 0x0000014d9629e5c0, 0x0000014d9629e0f0, 0x0000014d9629a260,
0x0000014d9629d280, 0x0000014d9629d750, 0x0000014d9629ea90, 0x0000014d9629ba70,
0x0000014d9629b0d0, 0x0000014d9629cdb0, 0x0000014d9629ef60, 0x0000014d96297710
}

Java Threads: ( => current thread )
  0x0000014d8ebcdd10 JavaThread "Reference Handler" daemon [_thread_blocked, id=43256, stack(0x0000003ae5500000,0x0000003ae5600000)]
  0x0000014d8ebce5c0 JavaThread "Finalizer" daemon [_thread_blocked, id=40184, stack(0x0000003ae5600000,0x0000003ae5700000)]
  0x0000014d8ebe58e0 JavaThread "Signal Dispatcher" daemon [_thread_blocked, id=20536, stack(0x0000003ae5700000,0x0000003ae5800000)]
  0x0000014d8ebe6190 JavaThread "Attach Listener" daemon [_thread_blocked, id=30992, stack(0x0000003ae5800000,0x0000003ae5900000)]
  0x0000014d8ebe6a40 JavaThread "Service Thread" daemon [_thread_blocked, id=6164, stack(0x0000003ae5900000,0x0000003ae5a00000)]
  0x0000014d8ebe72f0 JavaThread "Monitor Deflation Thread" daemon [_thread_blocked, id=37284, stack(0x0000003ae5a00000,0x0000003ae5b00000)]
  0x0000014d8ebe8b80 JavaThread "C1 CompilerThread0" daemon [_thread_blocked, id=33476, stack(0x0000003ae5b00000,0x0000003ae5c00000)]
  0x0000014d8ebf62f0 JavaThread "Sweeper thread" daemon [_thread_blocked, id=25052, stack(0x0000003ae5c00000,0x0000003ae5d00000)]
  0x0000014d93cb4c40 JavaThread "Common-Cleaner" daemon [_thread_blocked, id=48508, stack(0x0000003ae5d00000,0x0000003ae5e00000)]
  0x0000014d93d05300 JavaThread "JDWP Transport Listener: dt_socket" daemon [_thread_blocked, id=26784, stack(0x0000003ae6100000,0x0000003ae6200000)]
  0x0000014d93d1e8d0 JavaThread "JDWP Event Helper Thread" daemon [_thread_blocked, id=24336, stack(0x0000003ae6200000,0x0000003ae6300000)]
  0x0000014d93d24fc0 JavaThread "JDWP Command Reader" daemon [_thread_in_native, id=29180, stack(0x0000003ae6300000,0x0000003ae6400000)]
  0x0000014d941ec8f0 JavaThread "Notification Thread" daemon [_thread_blocked, id=23804, stack(0x0000003ae6400000,0x0000003ae6500000)]
  0x0000014d942b5560 JavaThread "RMI TCP Accept-0" daemon [_thread_in_native, id=48152, stack(0x0000003ae6500000,0x0000003ae6600000)]
  0x0000014d942a20c0 JavaThread "RMI TCP Accept-55792" daemon [_thread_in_native, id=24428, stack(0x0000003ae6600000,0x0000003ae6700000)]
  0x0000014d942f8420 JavaThread "RMI TCP Accept-0" daemon [_thread_in_native, id=23936, stack(0x0000003ae6700000,0x0000003ae6800000)]
  0x0000014d956b56a0 JavaThread "Catalina-utility-1" [_thread_blocked, id=25636, stack(0x0000003ae7500000,0x0000003ae7600000)]
  0x0000014d956bc760 JavaThread "Catalina-utility-2" [_thread_blocked, id=34276, stack(0x0000003ae7600000,0x0000003ae7700000)]
  0x0000014d956bcc20 JavaThread "container-0" [_thread_blocked, id=19532, stack(0x0000003ae7700000,0x0000003ae7800000)]
  0x0000014d94b3d560 JavaThread "mysql-cj-abandoned-connection-cleanup" daemon [_thread_blocked, id=39040, stack(0x0000003ae7800000,0x0000003ae7900000)]
  0x0000014d94b3da30 JavaThread "HikariPool-1 housekeeper" daemon [_thread_blocked, id=31924, stack(0x0000003ae7a00000,0x0000003ae7b00000)]
  0x0000014d962980b0 JavaThread "File Watcher" daemon [_thread_blocked, id=25376, stack(0x0000003ae7c00000,0x0000003ae7d00000)]
  0x0000014d9629b5a0 JavaThread "Live Reload Server" daemon [_thread_in_native, id=43148, stack(0x0000003ae7d00000,0x0000003ae7e00000)]
  0x0000014d9629dc20 JavaThread "http-nio-2222-exec-1" daemon [_thread_blocked, id=20348, stack(0x0000003ae7e00000,0x0000003ae7f00000)]
  0x0000014d9629ac00 JavaThread "http-nio-2222-exec-2" daemon [_thread_blocked, id=15224, stack(0x0000003ae7f00000,0x0000003ae8000000)]
  0x0000014d9629e5c0 JavaThread "http-nio-2222-exec-3" daemon [_thread_blocked, id=39980, stack(0x0000003ae8000000,0x0000003ae8100000)]
  0x0000014d9629e0f0 JavaThread "http-nio-2222-exec-4" daemon [_thread_blocked, id=15964, stack(0x0000003ae8100000,0x0000003ae8200000)]
=>0x0000014d9629a260 JavaThread "http-nio-2222-exec-5" daemon [_thread_in_Java, id=15532, stack(0x0000003ae8200000,0x0000003ae8300000)]
  0x0000014d9629d280 JavaThread "http-nio-2222-exec-6" daemon [_thread_blocked, id=49684, stack(0x0000003ae8300000,0x0000003ae8400000)]
  0x0000014d9629d750 JavaThread "http-nio-2222-exec-7" daemon [_thread_blocked, id=19892, stack(0x0000003ae8400000,0x0000003ae8500000)]
  0x0000014d9629ea90 JavaThread "http-nio-2222-exec-8" daemon [_thread_blocked, id=5796, stack(0x0000003ae8500000,0x0000003ae8600000)]
  0x0000014d9629ba70 JavaThread "http-nio-2222-exec-9" daemon [_thread_blocked, id=33468, stack(0x0000003ae8600000,0x0000003ae8700000)]
  0x0000014d9629b0d0 JavaThread "http-nio-2222-exec-10" daemon [_thread_blocked, id=14932, stack(0x0000003ae8700000,0x0000003ae8800000)]
  0x0000014d9629cdb0 JavaThread "http-nio-2222-Poller" daemon [_thread_in_native, id=30412, stack(0x0000003ae8800000,0x0000003ae8900000)]
  0x0000014d9629ef60 JavaThread "http-nio-2222-Acceptor" daemon [_thread_in_native, id=52404, stack(0x0000003ae8900000,0x0000003ae8a00000)]
  0x0000014d96297710 JavaThread "DestroyJavaVM" [_thread_blocked, id=35196, stack(0x0000003ae4e00000,0x0000003ae4f00000)]

Other Threads:
  0x0000014dfae2f380 VMThread "VM Thread" [stack: 0x0000003ae5400000,0x0000003ae5500000] [id=47072] _threads_hazard_ptr=0x0000014d956e6310
  0x0000014dfd1db160 WatcherThread "VM Periodic Task Thread" [stack: 0x0000003ae6800000,0x0000003ae6900000] [id=13144]
  0x0000014dfd235510 WorkerThread "GC Thread#0" [stack: 0x0000003ae4f00000,0x0000003ae5000000] [id=10316]
  0x0000014d946d6ae0 WorkerThread "GC Thread#1" [stack: 0x0000003ae6900000,0x0000003ae6a00000] [id=20744]
  0x0000014d94726390 WorkerThread "GC Thread#2" [stack: 0x0000003ae6a00000,0x0000003ae6b00000] [id=49236]
  0x0000014d94726630 WorkerThread "GC Thread#3" [stack: 0x0000003ae6b00000,0x0000003ae6c00000] [id=46844]
  0x0000014d947268d0 WorkerThread "GC Thread#4" [stack: 0x0000003ae6c00000,0x0000003ae6d00000] [id=16660]
  0x0000014d94726b70 WorkerThread "GC Thread#5" [stack: 0x0000003ae6d00000,0x0000003ae6e00000] [id=11380]
  0x0000014d94726e10 WorkerThread "GC Thread#6" [stack: 0x0000003ae6e00000,0x0000003ae6f00000] [id=33292]
  0x0000014d947310d0 WorkerThread "GC Thread#7" [stack: 0x0000003ae6f00000,0x0000003ae7000000] [id=53736]
  0x0000014dfd245850 ConcurrentGCThread "G1 Main Marker" [stack: 0x0000003ae5000000,0x0000003ae5100000] [id=21184]
  0x0000014dfd247160 WorkerThread "G1 Conc#0" [stack: 0x0000003ae5100000,0x0000003ae5200000] [id=35556]
  0x0000014d94760ed0 WorkerThread "G1 Conc#1" [stack: 0x0000003ae7400000,0x0000003ae7500000] [id=51560]
  0x0000014d8ea7c210 ConcurrentGCThread "G1 Refine#0" [stack: 0x0000003ae5200000,0x0000003ae5300000] [id=36144]
  0x0000014d946d6d80 ConcurrentGCThread "G1 Refine#1" [stack: 0x0000003ae7000000,0x0000003ae7100000] [id=34160]
  0x0000014d946d9100 ConcurrentGCThread "G1 Refine#2" [stack: 0x0000003ae7100000,0x0000003ae7200000] [id=52032]
  0x0000014d8ea7d8e0 ConcurrentGCThread "G1 Service" [stack: 0x0000003ae5300000,0x0000003ae5400000] [id=26568]

Threads with active compile tasks:

VM state: synchronizing (normal execution)

VM Mutex/Monitor currently owned by a thread:  ([mutex/lock_event])
[0x0000014dfd1d7e90] Threads_lock - owner thread: 0x0000014dfae2f380

Heap address: 0x0000000085800000, size: 1960 MB, Compressed Oops mode: 32-bit

CDS archive(s) mapped at: [0x0000000800000000-0x0000000800ba0000-0x0000000800ba0000), size 12189696, SharedBaseAddress: 0x0000000800000000, ArchiveRelocationMode: 0.
Compressed class space mapped at: 0x0000000800c00000-0x0000000840c00000, reserved size: 1073741824
Narrow klass base: 0x0000000800000000, Narrow klass shift: 0, Narrow klass range: 0x100000000

GC Precious Log:
 CardTable entry size: 512
 Card Set container configuration: InlinePtr #cards 5 size 8 Array Of Cards #cards 12 size 40 Howl #buckets 4 coarsen threshold 1843 Howl Bitmap #cards 512 size 80 coarsen threshold 460 Card regions per heap region 1 cards per card region 2048
 CPUs: 8 total, 8 available
 Memory: 7834M
 Large Page Support: Disabled
 NUMA Support: Disabled
 Compressed Oops: Enabled (32-bit)
 Heap Region Size: 1M
 Heap Min Capacity: 8M
 Heap Initial Capacity: 124M
 Heap Max Capacity: 1960M
 Pre-touch: Disabled
 Parallel Workers: 8
 Concurrent Workers: 2
 Concurrent Refinement Workers: 8
 Periodic GC: Disabled

Heap:
 garbage-first heap   total 69632K, used 47157K [0x0000000085800000, 0x0000000100000000)
  region size 1024K, 17 young (17408K), 1 survivors (1024K)
 Metaspace       used 64289K, committed 64704K, reserved 1114112K
  class space    used 8352K, committed 8576K, reserved 1048576K

Heap Regions: E=young(eden), S=young(survivor), O=old, HS=humongous(starts), HC=humongous(continues), CS=collection set, F=free, OA=open archive, CA=closed archive, TAMS=top-at-mark-start (previous, next)
|   0|0x0000000085800000, 0x0000000085900000, 0x0000000085900000|100%|HS|  |TAMS 0x0000000085900000, 0x0000000085800000| Complete 
|   1|0x0000000085900000, 0x0000000085a00000, 0x0000000085a00000|100%| O|  |TAMS 0x0000000085a00000, 0x0000000085900000| Untracked 
|   2|0x0000000085a00000, 0x0000000085b00000, 0x0000000085b00000|100%| O|  |TAMS 0x0000000085b00000, 0x0000000085a00000| Untracked 
|   3|0x0000000085b00000, 0x0000000085c00000, 0x0000000085c00000|100%| O|  |TAMS 0x0000000085c00000, 0x0000000085b00000| Untracked 
|   4|0x0000000085c00000, 0x0000000085d00000, 0x0000000085d00000|100%| O|  |TAMS 0x0000000085d00000, 0x0000000085c00000| Untracked 
|   5|0x0000000085d00000, 0x0000000085e00000, 0x0000000085e00000|100%| O|  |TAMS 0x0000000085e00000, 0x0000000085d00000| Untracked 
|   6|0x0000000085e00000, 0x0000000085f00000, 0x0000000085f00000|100%| O|  |TAMS 0x0000000085f00000, 0x0000000085e00000| Untracked 
|   7|0x0000000085f00000, 0x0000000085f00000, 0x0000000086000000|  0%| F|  |TAMS 0x0000000085f00000, 0x0000000085f00000| Untracked 
|   8|0x0000000086000000, 0x0000000086100000, 0x0000000086100000|100%| O|  |TAMS 0x0000000086100000, 0x0000000086000000| Untracked 
|   9|0x0000000086100000, 0x0000000086200000, 0x0000000086200000|100%| O|  |TAMS 0x0000000086200000, 0x0000000086100000| Untracked 
|  10|0x0000000086200000, 0x0000000086300000, 0x0000000086300000|100%| O|  |TAMS 0x0000000086300000, 0x0000000086200000| Untracked 
|  11|0x0000000086300000, 0x0000000086400000, 0x0000000086400000|100%| O|  |TAMS 0x0000000086400000, 0x0000000086300000| Untracked 
|  12|0x0000000086400000, 0x0000000086500000, 0x0000000086500000|100%| O|  |TAMS 0x0000000086500000, 0x0000000086400000| Untracked 
|  13|0x0000000086500000, 0x0000000086600000, 0x0000000086600000|100%| O|  |TAMS 0x0000000086600000, 0x0000000086500000| Untracked 
|  14|0x0000000086600000, 0x0000000086700000, 0x0000000086700000|100%| O|  |TAMS 0x0000000086700000, 0x0000000086600000| Untracked 
|  15|0x0000000086700000, 0x0000000086800000, 0x0000000086800000|100%| O|  |TAMS 0x0000000086800000, 0x0000000086700000| Untracked 
|  16|0x0000000086800000, 0x0000000086900000, 0x0000000086900000|100%| O|  |TAMS 0x0000000086900000, 0x0000000086800000| Untracked 
|  17|0x0000000086900000, 0x0000000086a00000, 0x0000000086a00000|100%| O|  |TAMS 0x0000000086a00000, 0x0000000086900000| Untracked 
|  18|0x0000000086a00000, 0x0000000086b00000, 0x0000000086b00000|100%| O|  |TAMS 0x0000000086b00000, 0x0000000086a00000| Untracked 
|  19|0x0000000086b00000, 0x0000000086c00000, 0x0000000086c00000|100%| O|  |TAMS 0x0000000086c00000, 0x0000000086b00000| Untracked 
|  20|0x0000000086c00000, 0x0000000086d00000, 0x0000000086d00000|100%| O|  |TAMS 0x0000000086d00000, 0x0000000086c00000| Untracked 
|  21|0x0000000086d00000, 0x0000000086e00000, 0x0000000086e00000|100%| O|  |TAMS 0x0000000086e00000, 0x0000000086d00000| Untracked 
|  22|0x0000000086e00000, 0x0000000086f00000, 0x0000000086f00000|100%| O|  |TAMS 0x0000000086f00000, 0x0000000086e00000| Untracked 
|  23|0x0000000086f00000, 0x0000000087000000, 0x0000000087000000|100%| O|  |TAMS 0x0000000087000000, 0x0000000086f00000| Untracked 
|  24|0x0000000087000000, 0x0000000087100000, 0x0000000087100000|100%| O|  |TAMS 0x000000008708c000, 0x0000000087000000| Untracked 
|  25|0x0000000087100000, 0x0000000087200000, 0x0000000087200000|100%| O|  |TAMS 0x0000000087100000, 0x0000000087100000| Untracked 
|  26|0x0000000087200000, 0x0000000087300000, 0x0000000087300000|100%| O|  |TAMS 0x0000000087200000, 0x0000000087200000| Untracked 
|  27|0x0000000087300000, 0x0000000087400000, 0x0000000087400000|100%| O|  |TAMS 0x0000000087300000, 0x0000000087300000| Untracked 
|  28|0x0000000087400000, 0x0000000087500000, 0x0000000087500000|100%| O|  |TAMS 0x0000000087400000, 0x0000000087400000| Untracked 
|  29|0x0000000087500000, 0x0000000087600000, 0x0000000087600000|100%| O|  |TAMS 0x0000000087500000, 0x0000000087500000| Untracked 
|  30|0x0000000087600000, 0x0000000087700000, 0x0000000087700000|100%| O|  |TAMS 0x0000000087600000, 0x0000000087600000| Untracked 
|  31|0x0000000087700000, 0x0000000087800000, 0x0000000087800000|100%| O|  |TAMS 0x0000000087700000, 0x0000000087700000| Untracked 
|  32|0x0000000087800000, 0x000000008788be00, 0x0000000087900000| 54%| O|  |TAMS 0x0000000087800000, 0x0000000087800000| Untracked 
|  33|0x0000000087900000, 0x0000000087900000, 0x0000000087a00000|  0%| F|  |TAMS 0x0000000087900000, 0x0000000087900000| Untracked 
|  34|0x0000000087a00000, 0x0000000087a00000, 0x0000000087b00000|  0%| F|  |TAMS 0x0000000087a00000, 0x0000000087a00000| Untracked 
|  35|0x0000000087b00000, 0x0000000087b00000, 0x0000000087c00000|  0%| F|  |TAMS 0x0000000087b00000, 0x0000000087b00000| Untracked 
|  36|0x0000000087c00000, 0x0000000087c00000, 0x0000000087d00000|  0%| F|  |TAMS 0x0000000087c00000, 0x0000000087c00000| Untracked 
|  37|0x0000000087d00000, 0x0000000087d00000, 0x0000000087e00000|  0%| F|  |TAMS 0x0000000087d00000, 0x0000000087d00000| Untracked 
|  38|0x0000000087e00000, 0x0000000087e00000, 0x0000000087f00000|  0%| F|  |TAMS 0x0000000087e00000, 0x0000000087e00000| Untracked 
|  39|0x0000000087f00000, 0x0000000087f00000, 0x0000000088000000|  0%| F|  |TAMS 0x0000000087f00000, 0x0000000087f00000| Untracked 
|  40|0x0000000088000000, 0x0000000088000000, 0x0000000088100000|  0%| F|  |TAMS 0x0000000088000000, 0x0000000088000000| Untracked 
|  41|0x0000000088100000, 0x0000000088100000, 0x0000000088200000|  0%| F|  |TAMS 0x0000000088100000, 0x0000000088100000| Untracked 
|  42|0x0000000088200000, 0x0000000088200000, 0x0000000088300000|  0%| F|  |TAMS 0x0000000088200000, 0x0000000088200000| Untracked 
|  43|0x0000000088300000, 0x0000000088300000, 0x0000000088400000|  0%| F|  |TAMS 0x0000000088300000, 0x0000000088300000| Untracked 
|  44|0x0000000088400000, 0x0000000088400000, 0x0000000088500000|  0%| F|  |TAMS 0x0000000088400000, 0x0000000088400000| Untracked 
|  45|0x0000000088500000, 0x0000000088500000, 0x0000000088600000|  0%| F|  |TAMS 0x0000000088500000, 0x0000000088500000| Untracked 
|  46|0x0000000088600000, 0x0000000088600000, 0x0000000088700000|  0%| F|  |TAMS 0x0000000088600000, 0x0000000088600000| Untracked 
|  47|0x0000000088700000, 0x0000000088700000, 0x0000000088800000|  0%| F|  |TAMS 0x0000000088700000, 0x0000000088700000| Untracked 
|  48|0x0000000088800000, 0x0000000088800000, 0x0000000088900000|  0%| F|  |TAMS 0x0000000088800000, 0x0000000088800000| Untracked 
|  49|0x0000000088900000, 0x0000000088900000, 0x0000000088a00000|  0%| F|  |TAMS 0x0000000088900000, 0x0000000088900000| Untracked 
|  50|0x0000000088a00000, 0x0000000088a00000, 0x0000000088b00000|  0%| F|  |TAMS 0x0000000088a00000, 0x0000000088a00000| Untracked 
|  51|0x0000000088b00000, 0x0000000088b94250, 0x0000000088c00000| 57%| E|  |TAMS 0x0000000088b00000, 0x0000000088b00000| Complete 
|  52|0x0000000088c00000, 0x0000000088d00000, 0x0000000088d00000|100%| E|CS|TAMS 0x0000000088c00000, 0x0000000088c00000| Complete 
|  53|0x0000000088d00000, 0x0000000088e00000, 0x0000000088e00000|100%| E|CS|TAMS 0x0000000088d00000, 0x0000000088d00000| Complete 
|  54|0x0000000088e00000, 0x0000000088f00000, 0x0000000088f00000|100%| E|CS|TAMS 0x0000000088e00000, 0x0000000088e00000| Complete 
|  55|0x0000000088f00000, 0x0000000089000000, 0x0000000089000000|100%| E|CS|TAMS 0x0000000088f00000, 0x0000000088f00000| Complete 
|  56|0x0000000089000000, 0x0000000089100000, 0x0000000089100000|100%| E|CS|TAMS 0x0000000089000000, 0x0000000089000000| Complete 
|  57|0x0000000089100000, 0x0000000089200000, 0x0000000089200000|100%| E|CS|TAMS 0x0000000089100000, 0x0000000089100000| Complete 
|  58|0x0000000089200000, 0x0000000089300000, 0x0000000089300000|100%| E|CS|TAMS 0x0000000089200000, 0x0000000089200000| Complete 
|  59|0x0000000089300000, 0x0000000089400000, 0x0000000089400000|100%| E|  |TAMS 0x0000000089300000, 0x0000000089300000| Complete 
|  60|0x0000000089400000, 0x0000000089500000, 0x0000000089500000|100%| E|CS|TAMS 0x0000000089400000, 0x0000000089400000| Complete 
|  61|0x0000000089500000, 0x0000000089600000, 0x0000000089600000|100%| E|CS|TAMS 0x0000000089500000, 0x0000000089500000| Complete 
| 108|0x000000008c400000, 0x000000008c500000, 0x000000008c500000|100%| E|CS|TAMS 0x000000008c400000, 0x000000008c400000| Complete 
| 109|0x000000008c500000, 0x000000008c600000, 0x000000008c600000|100%| E|CS|TAMS 0x000000008c500000, 0x000000008c500000| Complete 
| 110|0x000000008c600000, 0x000000008c700000, 0x000000008c700000|100%| E|CS|TAMS 0x000000008c600000, 0x000000008c600000| Complete 
| 111|0x000000008c700000, 0x000000008c800000, 0x000000008c800000|100%| E|CS|TAMS 0x000000008c700000, 0x000000008c700000| Complete 
| 112|0x000000008c800000, 0x000000008c8816d0, 0x000000008c900000| 50%| S|CS|TAMS 0x000000008c800000, 0x000000008c800000| Complete 
| 123|0x000000008d300000, 0x000000008d400000, 0x000000008d400000|100%| E|CS|TAMS 0x000000008d300000, 0x000000008d300000| Complete 

Card table byte_map: [0x0000014dfd750000,0x0000014dfdb30000] _byte_map_base: 0x0000014dfd324000

Marking Bits (Prev, Next): (CMBitMap*) 0x0000014dfd235a60, (CMBitMap*) 0x0000014dfd235a20
 Prev Bits: [0x0000014d8a870000, 0x0000014d8c710000)
 Next Bits: [0x0000014dfdf10000, 0x0000014dffdb0000)

Polling page: 0x0000014dfc960000

Metaspace:

Usage:
  Non-class:     54.63 MB used.
      Class:      8.16 MB used.
       Both:     62.78 MB used.

Virtual space:
  Non-class space:       64.00 MB reserved,      54.81 MB ( 86%) committed,  1 nodes.
      Class space:        1.00 GB reserved,       8.38 MB ( <1%) committed,  1 nodes.
             Both:        1.06 GB reserved,      63.19 MB (  6%) committed. 

Chunk freelists:
   Non-Class:  1.12 MB
       Class:  3.48 MB
        Both:  4.61 MB

MaxMetaspaceSize: unlimited
CompressedClassSpaceSize: 1.00 GB
Initial GC threshold: 21.00 MB
Current GC threshold: 99.50 MB
CDS: on
MetaspaceReclaimPolicy: balanced
 - commit_granule_bytes: 65536.
 - commit_granule_words: 8192.
 - virtual_space_node_default_size: 8388608.
 - enlarge_chunks_in_place: 1.
 - new_chunks_are_fully_committed: 0.
 - uncommit_free_chunks: 1.
 - use_allocation_guard: 0.


Internal statistics:

num_allocs_failed_limit: 15.
num_arena_births: 638.
num_arena_deaths: 204.
num_vsnodes_births: 2.
num_vsnodes_deaths: 0.
num_space_committed: 1011.
num_space_uncommitted: 0.
num_chunks_returned_to_freelist: 232.
num_chunks_taken_from_freelist: 2929.
num_chunk_merges: 76.
num_chunk_splits: 2119.
num_chunks_enlarged: 1769.
num_inconsistent_stats: 0.

CodeCache: size=49152Kb used=13592Kb max_used=14665Kb free=35559Kb
 bounds [0x0000014d87870000, 0x0000014d886d0000, 0x0000014d8a870000]
 total_blobs=7549 nmethods=6886 adapters=589
 compilation: enabled
              stopped_count=0, restarted_count=0
 full_count=0

Compilation events (20 events):
Event: 99.835 Thread 0x0000014d8ebe8b80 7000       1       org.hibernate.engine.jdbc.internal.JdbcServicesImpl::getDialect (19 bytes)
Event: 99.835 Thread 0x0000014d8ebe8b80 nmethod 7000 0x0000014d87a2b390 code [0x0000014d87a2b520, 0x0000014d87a2b678]
Event: 99.836 Thread 0x0000014d8ebe8b80 7001       1       org.hibernate.internal.AbstractSharedSessionContract::getTransactionCoordinator (5 bytes)
Event: 99.836 Thread 0x0000014d8ebe8b80 nmethod 7001 0x0000014d87a2b090 code [0x0000014d87a2b220, 0x0000014d87a2b2f8]
Event: 103.366 Thread 0x0000014d8ebe8b80 7002       1       java.util.concurrent.locks.AbstractQueuedSynchronizer$ConditionObject::signal (34 bytes)
Event: 103.367 Thread 0x0000014d8ebe8b80 nmethod 7002 0x0000014d87a2ac10 code [0x0000014d87a2adc0, 0x0000014d87a2af88]
Event: 104.003 Thread 0x0000014d8ebe8b80 7003       1       java.util.concurrent.locks.LockSupport::setCurrentBlocker (14 bytes)
Event: 104.004 Thread 0x0000014d8ebe8b80 nmethod 7003 0x0000014d87a2a890 code [0x0000014d87a2aa20, 0x0000014d87a2ab38]
Event: 115.312 Thread 0x0000014d8ebe8b80 7004       1       org.apache.tomcat.util.net.NioEndpoint$NioSocketWrapper::interestOps (5 bytes)
Event: 115.312 Thread 0x0000014d8ebe8b80 nmethod 7004 0x0000014d87a2a590 code [0x0000014d87a2a720, 0x0000014d87a2a7f8]
Event: 119.338 Thread 0x0000014d8ebe8b80 7005       1       java.nio.channels.spi.AbstractInterruptibleChannel::blockedOn (10 bytes)
Event: 119.338 Thread 0x0000014d8ebe8b80 nmethod 7005 0x0000014d87a2a010 code [0x0000014d87a2a1c0, 0x0000014d87a2a418]
Event: 119.338 Thread 0x0000014d8ebe8b80 7006       1       java.lang.System$2::blockedOn (5 bytes)
Event: 119.339 Thread 0x0000014d8ebe8b80 nmethod 7006 0x0000014d87a29b10 code [0x0000014d87a29cc0, 0x0000014d87a29ed8]
Event: 119.339 Thread 0x0000014d8ebe8b80 7007   !   1       java.lang.Thread::blockedOn (27 bytes)
Event: 119.339 Thread 0x0000014d8ebe8b80 nmethod 7007 0x0000014d87a29690 code [0x0000014d87a29820, 0x0000014d87a29a18]
Event: 121.350 Thread 0x0000014d8ebe8b80 7008       1       java.nio.channels.spi.AbstractSelector::isOpen (13 bytes)
Event: 121.350 Thread 0x0000014d8ebe8b80 nmethod 7008 0x0000014d87a29390 code [0x0000014d87a29520, 0x0000014d87a295f8]
Event: 123.362 Thread 0x0000014d8ebe8b80 7010       1       java.util.HashMap$KeySet::contains (9 bytes)
Event: 123.362 Thread 0x0000014d8ebe8b80 nmethod 7010 0x0000014d87a28c90 code [0x0000014d87a28e20, 0x0000014d87a28f28]

GC Heap History (20 events):
Event: 3.490 GC heap before
{Heap before GC invocations=7 (full 0):
 garbage-first heap   total 57344K, used 40058K [0x0000000085800000, 0x0000000100000000)
  region size 1024K, 25 young (25600K), 3 survivors (3072K)
 Metaspace       used 33424K, committed 33856K, reserved 1114112K
  class space    used 4423K, committed 4608K, reserved 1048576K
}
Event: 3.493 GC heap after
{Heap after GC invocations=8 (full 0):
 garbage-first heap   total 57344K, used 19144K [0x0000000085800000, 0x0000000100000000)
  region size 1024K, 3 young (3072K), 3 survivors (3072K)
 Metaspace       used 33424K, committed 33856K, reserved 1114112K
  class space    used 4423K, committed 4608K, reserved 1048576K
}
Event: 3.578 GC heap before
{Heap before GC invocations=8 (full 0):
 garbage-first heap   total 57344K, used 25288K [0x0000000085800000, 0x0000000100000000)
  region size 1024K, 10 young (10240K), 3 survivors (3072K)
 Metaspace       used 35558K, committed 35968K, reserved 1114112K
  class space    used 4819K, committed 5056K, reserved 1048576K
}
Event: 3.581 GC heap after
{Heap after GC invocations=9 (full 0):
 garbage-first heap   total 69632K, used 19698K [0x0000000085800000, 0x0000000100000000)
  region size 1024K, 3 young (3072K), 3 survivors (3072K)
 Metaspace       used 35558K, committed 35968K, reserved 1114112K
  class space    used 4819K, committed 5056K, reserved 1048576K
}
Event: 4.010 GC heap before
{Heap before GC invocations=10 (full 0):
 garbage-first heap   total 69632K, used 51442K [0x0000000085800000, 0x0000000100000000)
  region size 1024K, 34 young (34816K), 3 survivors (3072K)
 Metaspace       used 44211K, committed 44672K, reserved 1114112K
  class space    used 5997K, committed 6208K, reserved 1048576K
}
Event: 4.014 GC heap after
{Heap after GC invocations=11 (full 0):
 garbage-first heap   total 69632K, used 22559K [0x0000000085800000, 0x0000000100000000)
  region size 1024K, 5 young (5120K), 5 survivors (5120K)
 Metaspace       used 44211K, committed 44672K, reserved 1114112K
  class space    used 5997K, committed 6208K, reserved 1048576K
}
Event: 4.423 GC heap before
{Heap before GC invocations=11 (full 0):
 garbage-first heap   total 69632K, used 51231K [0x0000000085800000, 0x0000000100000000)
  region size 1024K, 34 young (34816K), 5 survivors (5120K)
 Metaspace       used 48410K, committed 48960K, reserved 1114112K
  class space    used 6584K, committed 6848K, reserved 1048576K
}
Event: 4.427 GC heap after
{Heap after GC invocations=12 (full 0):
 garbage-first heap   total 69632K, used 24158K [0x0000000085800000, 0x0000000100000000)
  region size 1024K, 2 young (2048K), 2 survivors (2048K)
 Metaspace       used 48410K, committed 48960K, reserved 1114112K
  class space    used 6584K, committed 6848K, reserved 1048576K
}
Event: 4.628 GC heap before
{Heap before GC invocations=12 (full 0):
 garbage-first heap   total 69632K, used 53854K [0x0000000085800000, 0x0000000100000000)
  region size 1024K, 31 young (31744K), 2 survivors (2048K)
 Metaspace       used 50330K, committed 50816K, reserved 1114112K
  class space    used 6870K, committed 7104K, reserved 1048576K
}
Event: 4.630 GC heap after
{Heap after GC invocations=13 (full 0):
 garbage-first heap   total 69632K, used 25344K [0x0000000085800000, 0x0000000100000000)
  region size 1024K, 4 young (4096K), 4 survivors (4096K)
 Metaspace       used 50330K, committed 50816K, reserved 1114112K
  class space    used 6870K, committed 7104K, reserved 1048576K
}
Event: 4.851 GC heap before
{Heap before GC invocations=13 (full 0):
 garbage-first heap   total 69632K, used 54016K [0x0000000085800000, 0x0000000100000000)
  region size 1024K, 32 young (32768K), 4 survivors (4096K)
 Metaspace       used 52135K, committed 52608K, reserved 1114112K
  class space    used 7116K, committed 7360K, reserved 1048576K
}
Event: 4.854 GC heap after
{Heap after GC invocations=14 (full 0):
 garbage-first heap   total 69632K, used 27542K [0x0000000085800000, 0x0000000100000000)
  region size 1024K, 4 young (4096K), 4 survivors (4096K)
 Metaspace       used 52135K, committed 52608K, reserved 1114112K
  class space    used 7116K, committed 7360K, reserved 1048576K
}
Event: 56.652 GC heap before
{Heap before GC invocations=14 (full 0):
 garbage-first heap   total 69632K, used 53142K [0x0000000085800000, 0x0000000100000000)
  region size 1024K, 30 young (30720K), 4 survivors (4096K)
 Metaspace       used 56980K, committed 57408K, reserved 1114112K
  class space    used 7700K, committed 7872K, reserved 1048576K
}
Event: 56.657 GC heap after
{Heap after GC invocations=15 (full 0):
 garbage-first heap   total 69632K, used 29195K [0x0000000085800000, 0x0000000100000000)
  region size 1024K, 4 young (4096K), 4 survivors (4096K)
 Metaspace       used 56980K, committed 57408K, reserved 1114112K
  class space    used 7700K, committed 7872K, reserved 1048576K
}
Event: 56.873 GC heap before
{Heap before GC invocations=15 (full 0):
 garbage-first heap   total 69632K, used 43531K [0x0000000085800000, 0x0000000100000000)
  region size 1024K, 20 young (20480K), 4 survivors (4096K)
 Metaspace       used 60239K, committed 60736K, reserved 1114112K
  class space    used 7956K, committed 8192K, reserved 1048576K
}
Event: 56.876 GC heap after
{Heap after GC invocations=16 (full 0):
 garbage-first heap   total 69632K, used 30753K [0x0000000085800000, 0x0000000100000000)
  region size 1024K, 2 young (2048K), 2 survivors (2048K)
 Metaspace       used 60239K, committed 60736K, reserved 1114112K
  class space    used 7956K, committed 8192K, reserved 1048576K
}
Event: 57.272 GC heap before
{Heap before GC invocations=17 (full 0):
 garbage-first heap   total 69632K, used 52257K [0x0000000085800000, 0x0000000100000000)
  region size 1024K, 24 young (24576K), 2 survivors (2048K)
 Metaspace       used 63911K, committed 64320K, reserved 1114112K
  class space    used 8309K, committed 8512K, reserved 1048576K
}
Event: 57.275 GC heap after
{Heap after GC invocations=18 (full 0):
 garbage-first heap   total 69632K, used 32652K [0x0000000085800000, 0x0000000100000000)
  region size 1024K, 3 young (3072K), 3 survivors (3072K)
 Metaspace       used 63911K, committed 64320K, reserved 1114112K
  class space    used 8309K, committed 8512K, reserved 1048576K
}
Event: 57.299 GC heap before
{Heap before GC invocations=18 (full 0):
 garbage-first heap   total 69632K, used 33676K [0x0000000085800000, 0x0000000100000000)
  region size 1024K, 4 young (4096K), 3 survivors (3072K)
 Metaspace       used 64078K, committed 64448K, reserved 1114112K
  class space    used 8330K, committed 8512K, reserved 1048576K
}
Event: 57.303 GC heap after
{Heap after GC invocations=19 (full 0):
 garbage-first heap   total 69632K, used 32821K [0x0000000085800000, 0x0000000100000000)
  region size 1024K, 1 young (1024K), 1 survivors (1024K)
 Metaspace       used 64078K, committed 64448K, reserved 1114112K
  class space    used 8330K, committed 8512K, reserved 1048576K
}

Deoptimization events (20 events):
Event: 57.417 Thread 0x0000014d9629dc20 DEOPT PACKING pc=0x0000014d87f08124 sp=0x0000003ae7efb010
Event: 57.417 Thread 0x0000014d9629dc20 DEOPT UNPACKING pc=0x0000014d878c6763 sp=0x0000003ae7efa5b8 mode 1
Event: 57.417 Thread 0x0000014d9629dc20 DEOPT PACKING pc=0x0000014d87f0a9fc sp=0x0000003ae7efb170
Event: 57.417 Thread 0x0000014d9629dc20 DEOPT UNPACKING pc=0x0000014d878c6763 sp=0x0000003ae7efa720 mode 1
Event: 57.418 Thread 0x0000014d9629dc20 DEOPT PACKING pc=0x0000014d87cfc039 sp=0x0000003ae7efc5f0
Event: 57.418 Thread 0x0000014d9629dc20 DEOPT UNPACKING pc=0x0000014d878c6763 sp=0x0000003ae7efba48 mode 1
Event: 57.418 Thread 0x0000014d9629dc20 DEOPT PACKING pc=0x0000014d87cfb3fc sp=0x0000003ae7efc680
Event: 57.418 Thread 0x0000014d9629dc20 DEOPT UNPACKING pc=0x0000014d878c6763 sp=0x0000003ae7efbb38 mode 1
Event: 57.422 Thread 0x0000014d9629dc20 DEOPT PACKING pc=0x0000014d87f06e8c sp=0x0000003ae7efaee0
Event: 57.422 Thread 0x0000014d9629dc20 DEOPT UNPACKING pc=0x0000014d878c6763 sp=0x0000003ae7efa408 mode 1
Event: 57.422 Thread 0x0000014d9629dc20 DEOPT PACKING pc=0x0000014d87f08124 sp=0x0000003ae7efafc0
Event: 57.422 Thread 0x0000014d9629dc20 DEOPT UNPACKING pc=0x0000014d878c6763 sp=0x0000003ae7efa568 mode 1
Event: 57.422 Thread 0x0000014d9629dc20 DEOPT PACKING pc=0x0000014d87f0a9fc sp=0x0000003ae7efb120
Event: 57.422 Thread 0x0000014d9629dc20 DEOPT UNPACKING pc=0x0000014d878c6763 sp=0x0000003ae7efa6d0 mode 1
Event: 57.425 Thread 0x0000014d9629dc20 DEOPT PACKING pc=0x0000014d87cfb7b9 sp=0x0000003ae7efc620
Event: 57.425 Thread 0x0000014d9629dc20 DEOPT UNPACKING pc=0x0000014d878c6763 sp=0x0000003ae7efbac8 mode 1
Event: 57.425 Thread 0x0000014d9629dc20 DEOPT PACKING pc=0x0000014d87cfb3fc sp=0x0000003ae7efc680
Event: 57.425 Thread 0x0000014d9629dc20 DEOPT UNPACKING pc=0x0000014d878c6763 sp=0x0000003ae7efbb38 mode 1
Event: 125.771 Thread 0x0000014d9629a260 DEOPT PACKING pc=0x0000014d88324da4 sp=0x0000003ae82fd430
Event: 125.771 Thread 0x0000014d9629a260 DEOPT UNPACKING pc=0x0000014d878c6763 sp=0x0000003ae82fc8d8 mode 0

Classes loaded (20 events):
Event: 57.106 Loading class java/util/stream/ReferencePipeline$4
Event: 57.106 Loading class java/util/stream/ReferencePipeline$4 done
Event: 57.106 Loading class java/util/stream/Nodes$IntFixedNodeBuilder
Event: 57.106 Loading class java/util/stream/Node$Builder$OfInt
Event: 57.106 Loading class java/util/stream/Node$Builder$OfInt done
Event: 57.106 Loading class java/util/stream/Nodes$IntArrayNode
Event: 57.106 Loading class java/util/stream/Nodes$IntArrayNode done
Event: 57.106 Loading class java/util/stream/Nodes$IntFixedNodeBuilder done
Event: 57.106 Loading class java/util/stream/ReferencePipeline$4$1
Event: 57.106 Loading class java/util/stream/ReferencePipeline$4$1 done
Event: 57.281 Loading class java/util/Hashtable$ValueCollection
Event: 57.281 Loading class java/util/Hashtable$ValueCollection done
Event: 57.414 Loading class java/lang/ObjectCustomizer
Event: 57.414 Loading class java/lang/ObjectCustomizer done
Event: 57.415 Loading class java/lang/ObjectCustomizer
Event: 57.415 Loading class java/lang/ObjectCustomizer done
Event: 57.416 Loading class java/lang/IntegerEditor
Event: 57.416 Loading class java/lang/IntegerEditor done
Event: 57.418 Loading class java/lang/StringEditor
Event: 57.418 Loading class java/lang/StringEditor done

Classes unloaded (20 events):
Event: 56.895 Thread 0x0000014dfae2f380 Unloading class 0x0000000800cc0400 'java/lang/invoke/LambdaForm$DMH+0x0000000800cc0400'
Event: 56.895 Thread 0x0000014dfae2f380 Unloading class 0x0000000800c0c400 'java/lang/invoke/LambdaForm$MH+0x0000000800c0c400'
Event: 56.896 Thread 0x0000014dfae2f380 Unloading class 0x0000000800c0b800 'java/lang/invoke/LambdaForm$MH+0x0000000800c0b800'
Event: 56.896 Thread 0x0000014dfae2f380 Unloading class 0x0000000800c0b400 'java/lang/invoke/LambdaForm$MH+0x0000000800c0b400'
Event: 56.896 Thread 0x0000014dfae2f380 Unloading class 0x0000000800c0b000 'java/lang/invoke/LambdaForm$MH+0x0000000800c0b000'
Event: 56.896 Thread 0x0000014dfae2f380 Unloading class 0x0000000800c0ac00 'java/lang/invoke/LambdaForm$MH+0x0000000800c0ac00'
Event: 56.896 Thread 0x0000014dfae2f380 Unloading class 0x0000000800c0a800 'java/lang/invoke/LambdaForm$MH+0x0000000800c0a800'
Event: 56.896 Thread 0x0000014dfae2f380 Unloading class 0x0000000800c0a400 'java/lang/invoke/LambdaForm$MH+0x0000000800c0a400'
Event: 56.896 Thread 0x0000014dfae2f380 Unloading class 0x0000000800c09400 'java/lang/invoke/LambdaForm$MH+0x0000000800c09400'
Event: 56.896 Thread 0x0000014dfae2f380 Unloading class 0x0000000800c09000 'java/lang/invoke/LambdaForm$MH+0x0000000800c09000'
Event: 56.896 Thread 0x0000014dfae2f380 Unloading class 0x0000000800c08800 'java/lang/invoke/LambdaForm$MH+0x0000000800c08800'
Event: 56.896 Thread 0x0000014dfae2f380 Unloading class 0x0000000800c08000 'java/lang/invoke/LambdaForm$MH+0x0000000800c08000'
Event: 56.896 Thread 0x0000014dfae2f380 Unloading class 0x0000000800c07800 'java/lang/invoke/LambdaForm$MH+0x0000000800c07800'
Event: 56.896 Thread 0x0000014dfae2f380 Unloading class 0x0000000800c07000 'java/lang/invoke/LambdaForm$MH+0x0000000800c07000'
Event: 56.896 Thread 0x0000014dfae2f380 Unloading class 0x0000000800c06800 'java/lang/invoke/LambdaForm$MH+0x0000000800c06800'
Event: 56.896 Thread 0x0000014dfae2f380 Unloading class 0x0000000800c05000 'java/lang/invoke/LambdaForm$MH+0x0000000800c05000'
Event: 56.896 Thread 0x0000014dfae2f380 Unloading class 0x0000000800c04c00 'java/lang/invoke/LambdaForm$MH+0x0000000800c04c00'
Event: 56.896 Thread 0x0000014dfae2f380 Unloading class 0x0000000800c04800 'java/lang/invoke/LambdaForm$MH+0x0000000800c04800'
Event: 56.896 Thread 0x0000014dfae2f380 Unloading class 0x0000000800c04400 'java/lang/invoke/LambdaForm$MH+0x0000000800c04400'
Event: 56.896 Thread 0x0000014dfae2f380 Unloading class 0x0000000800c01400 'java/lang/invoke/LambdaForm$MH+0x0000000800c01400'

Classes redefined (0 events):
No events

Internal exceptions (20 events):
Event: 56.781 Thread 0x0000014d9629dc20 Exception <a 'java/lang/ClassNotFoundException'{0x00000000893ecf60}: org/springframework/web/servlet/tags/form/SelectTagBeanInfo> (0x00000000893ecf60) 
thrown [s\open\src\hotspot\share\classfile\systemDictionary.cpp, line 255]
Event: 56.782 Thread 0x0000014d9629dc20 Exception <a 'java/lang/ClassNotFoundException'{0x00000000893f4520}: org/springframework/web/servlet/tags/form/SelectTagCustomizer> (0x00000000893f4520) 
thrown [s\open\src\hotspot\share\classfile\systemDictionary.cpp, line 255]
Event: 56.784 Thread 0x0000014d9629dc20 Exception <a 'java/lang/ClassNotFoundException'{0x0000000089214e80}: org/springframework/web/servlet/tags/form/OptionsTagBeanInfo> (0x0000000089214e80) 
thrown [s\open\src\hotspot\share\classfile\systemDictionary.cpp, line 255]
Event: 56.784 Thread 0x0000014d9629dc20 Exception <a 'java/lang/ClassNotFoundException'{0x000000008921cc88}: org/springframework/web/servlet/tags/form/OptionsTagCustomizer> (0x000000008921cc88) 
thrown [s\open\src\hotspot\share\classfile\systemDictionary.cpp, line 255]
Event: 56.785 Thread 0x0000014d9629dc20 Exception <a 'java/lang/ClassNotFoundException'{0x000000008923ea30}: org/springframework/web/servlet/tags/form/LabelTagBeanInfo> (0x000000008923ea30) 
thrown [s\open\src\hotspot\share\classfile\systemDictionary.cpp, line 255]
Event: 56.786 Thread 0x0000014d9629dc20 Exception <a 'java/lang/ClassNotFoundException'{0x0000000089245fb0}: org/springframework/web/servlet/tags/form/LabelTagCustomizer> (0x0000000089245fb0) 
thrown [s\open\src\hotspot\share\classfile\systemDictionary.cpp, line 255]
Event: 56.787 Thread 0x0000014d9629dc20 Exception <a 'java/lang/ClassNotFoundException'{0x000000008925f6a8}: org/springframework/web/servlet/tags/form/OptionTagBeanInfo> (0x000000008925f6a8) 
thrown [s\open\src\hotspot\share\classfile\systemDictionary.cpp, line 255]
Event: 56.787 Thread 0x0000014d9629dc20 Exception <a 'java/lang/ClassNotFoundException'{0x0000000089267a48}: org/springframework/web/servlet/tags/form/AbstractHtmlElementBodyTagBeanInfo> (0x0000000089267a48) 
thrown [s\open\src\hotspot\share\classfile\systemDictionary.cpp, line 255]
Event: 56.788 Thread 0x0000014d9629dc20 Exception <a 'java/lang/ClassNotFoundException'{0x000000008926fe50}: org/springframework/web/servlet/tags/form/AbstractHtmlElementBodyTagCustomizer> (0x000000008926fe50) 
thrown [s\open\src\hotspot\share\classfile\systemDictionary.cpp, line 255]
Event: 56.789 Thread 0x0000014d9629dc20 Exception <a 'java/lang/ClassNotFoundException'{0x0000000089283f38}: org/springframework/web/servlet/tags/form/OptionTagCustomizer> (0x0000000089283f38) 
thrown [s\open\src\hotspot\share\classfile\systemDictionary.cpp, line 255]
Event: 57.043 Thread 0x0000014d9629dc20 Exception <a 'java/lang/ArrayIndexOutOfBoundsException'{0x00000000892fe190}> (0x00000000892fe190) 
thrown [s\open\src\hotspot\share\runtime\sharedRuntime.cpp, line 625]
Event: 57.141 Thread 0x0000014d9629dc20 Implicit null exception at 0x0000014d885a29e6 to 0x0000014d885a4ff1
Event: 57.183 Thread 0x0000014d9629dc20 Implicit null exception at 0x0000014d885d1095 to 0x0000014d885d12a6
Event: 57.211 Thread 0x0000014d9629dc20 Implicit null exception at 0x0000014d885ff54d to 0x0000014d885ff889
Event: 57.315 Thread 0x0000014d9629dc20 Exception <a 'java/lang/ArrayIndexOutOfBoundsException'{0x000000008d3dfe18}> (0x000000008d3dfe18) 
thrown [s\open\src\hotspot\share\runtime\sharedRuntime.cpp, line 625]
Event: 57.341 Thread 0x0000014d9629dc20 Implicit null exception at 0x0000014d8818b77c to 0x0000014d8818c3da
Event: 57.351 Thread 0x0000014d9629dc20 Implicit null exception at 0x0000014d881adaa2 to 0x0000014d881ae0ab
Event: 57.370 Thread 0x0000014d9629dc20 Exception <a 'java/lang/ArrayIndexOutOfBoundsException'{0x00000000894277c0}> (0x00000000894277c0) 
thrown [s\open\src\hotspot\share\runtime\sharedRuntime.cpp, line 625]
Event: 57.415 Thread 0x0000014d9629dc20 Exception <a 'java/lang/ClassNotFoundException'{0x00000000890fc168}: java/lang/ObjectCustomizer> (0x00000000890fc168) 
thrown [s\open\src\hotspot\share\classfile\systemDictionary.cpp, line 255]
Event: 57.416 Thread 0x0000014d9629dc20 Exception <a 'java/lang/ClassNotFoundException'{0x0000000088f07cb0}: com/bs/beans/ICUDetailsCustomizer> (0x0000000088f07cb0) 
thrown [s\open\src\hotspot\share\classfile\systemDictionary.cpp, line 255]

VM Operations (20 events):
Event: 102.866 Executing VM operation: get/set locals
Event: 102.866 Executing VM operation: get/set locals done
Event: 102.866 Executing VM operation: get/set locals
Event: 102.866 Executing VM operation: get/set locals done
Event: 102.868 Executing VM operation: get/set locals
Event: 102.868 Executing VM operation: get/set locals done
Event: 102.869 Executing VM operation: get/set locals
Event: 102.869 Executing VM operation: get/set locals done
Event: 102.870 Executing VM operation: get/set locals
Event: 102.870 Executing VM operation: get/set locals done
Event: 102.871 Executing VM operation: get/set locals
Event: 102.871 Executing VM operation: get/set locals done
Event: 122.127 Executing VM operation: ChangeBreakpoints
Event: 122.128 Executing VM operation: ChangeBreakpoints done
Event: 125.770 Executing VM operation: ChangeSingleStep
Event: 125.770 Executing VM operation: ChangeSingleStep done
Event: 125.771 Executing VM operation: ChangeSingleStep
Event: 125.771 Executing VM operation: ChangeSingleStep done
Event: 125.801 Executing VM operation: ChangeSingleStep
Event: 125.801 Executing VM operation: ChangeSingleStep done

Events (20 events):
Event: 57.279 Thread 0x0000014d8ebf62f0 flushing nmethod 0x0000014d881f2410
Event: 57.279 Thread 0x0000014d8ebf62f0 flushing nmethod 0x0000014d881f4d90
Event: 57.279 Thread 0x0000014d8ebf62f0 flushing nmethod 0x0000014d881fe390
Event: 57.279 Thread 0x0000014d8ebf62f0 flushing nmethod 0x0000014d88227f90
Event: 57.279 Thread 0x0000014d8ebf62f0 flushing nmethod 0x0000014d8825fe90
Event: 57.279 Thread 0x0000014d8ebf62f0 flushing nmethod 0x0000014d882d0810
Event: 57.279 Thread 0x0000014d8ebf62f0 flushing nmethod 0x0000014d88318390
Event: 57.279 Thread 0x0000014d8ebf62f0 flushing nmethod 0x0000014d883a4990
Event: 57.279 Thread 0x0000014d8ebf62f0 flushing nmethod 0x0000014d883b3510
Event: 57.280 Thread 0x0000014d8ebf62f0 flushing nmethod 0x0000014d88472710
Event: 57.280 Thread 0x0000014d8ebf62f0 flushing nmethod 0x0000014d88473b90
Event: 57.280 Thread 0x0000014d8ebf62f0 flushing nmethod 0x0000014d8848a610
Event: 57.280 Thread 0x0000014d8ebf62f0 flushing nmethod 0x0000014d884ab390
Event: 57.280 Thread 0x0000014d8ebf62f0 flushing nmethod 0x0000014d8852f390
Event: 57.280 Thread 0x0000014d8ebf62f0 flushing nmethod 0x0000014d88535990
Event: 57.280 Thread 0x0000014d8ebf62f0 flushing nmethod 0x0000014d885a1c10
Event: 57.280 Thread 0x0000014d8ebf62f0 flushing nmethod 0x0000014d885b5210
Event: 57.280 Thread 0x0000014d8ebf62f0 flushing nmethod 0x0000014d885d0990
Event: 62.445 Thread 0x0000014d93cbca70 Thread exited: 0x0000014d93cbca70
Event: 62.445 Thread 0x0000014d93cbc160 Thread exited: 0x0000014d93cbc160


Dynamic libraries:
0x00007ff76fb20000 - 0x00007ff76fb30000 	C:\Program Files\Java\jdk-18.0.2.1\bin\javaw.exe
0x00007ff936e90000 - 0x00007ff9370a4000 	C:\WINDOWS\SYSTEM32\ntdll.dll
0x00007ff936430000 - 0x00007ff9364f3000 	C:\WINDOWS\System32\KERNEL32.DLL
0x00007ff9343f0000 - 0x00007ff93478c000 	C:\WINDOWS\System32\KERNELBASE.dll
0x00007ff9349a0000 - 0x00007ff934ab1000 	C:\WINDOWS\System32\ucrtbase.dll
0x00007ff9162b0000 - 0x00007ff9162c8000 	C:\Program Files\Java\jdk-18.0.2.1\bin\jli.dll
0x00007ff936cc0000 - 0x00007ff936d6e000 	C:\WINDOWS\System32\ADVAPI32.dll
0x00007ff934f20000 - 0x00007ff934fc7000 	C:\WINDOWS\System32\msvcrt.dll
0x00007ff936970000 - 0x00007ff936a14000 	C:\WINDOWS\System32\sechost.dll
0x00007ff934fd0000 - 0x00007ff9350e5000 	C:\WINDOWS\System32\RPCRT4.dll
0x00007ff934cc0000 - 0x00007ff934e6d000 	C:\WINDOWS\System32\USER32.dll
0x00007ff934b30000 - 0x00007ff934b56000 	C:\WINDOWS\System32\win32u.dll
0x00007ff936a20000 - 0x00007ff936a49000 	C:\WINDOWS\System32\GDI32.dll
0x00007ff9342d0000 - 0x00007ff9343e3000 	C:\WINDOWS\System32\gdi32full.dll
0x00007ff934900000 - 0x00007ff93499a000 	C:\WINDOWS\System32\msvcp_win.dll
0x00007ff8ffcb0000 - 0x00007ff8ffcca000 	C:\Program Files\Java\jdk-18.0.2.1\bin\VCRUNTIME140.dll
0x00007ff90baa0000 - 0x00007ff90bd2e000 	C:\WINDOWS\WinSxS\amd64_microsoft.windows.common-controls_6595b64144ccf1df_6.0.22621.608_none_a9444ca7c10bb01d\COMCTL32.dll
0x00007ff92f2c0000 - 0x00007ff92f2ca000 	C:\WINDOWS\SYSTEM32\VERSION.dll
0x00007ff936a50000 - 0x00007ff936a81000 	C:\WINDOWS\System32\IMM32.DLL
0x00007ff90a400000 - 0x00007ff90a55c000 	C:\Program Files (x86)\Citrix\ICA Client\epclient64.dll
0x00007ff933bb0000 - 0x00007ff933bd8000 	C:\WINDOWS\SYSTEM32\bcrypt.dll
0x00007ff933340000 - 0x00007ff933374000 	C:\WINDOWS\SYSTEM32\ntmarta.dll
0x00007ff933320000 - 0x00007ff933338000 	C:\WINDOWS\SYSTEM32\kernel.appcore.dll
0x00007ff92f160000 - 0x00007ff92f16c000 	C:\Program Files\Java\jdk-18.0.2.1\bin\vcruntime140_1.dll
0x00007ff8ee7d0000 - 0x00007ff8ee85d000 	C:\Program Files\Java\jdk-18.0.2.1\bin\msvcp140.dll
0x00007ff8e0cc0000 - 0x00007ff8e18d1000 	C:\Program Files\Java\jdk-18.0.2.1\bin\server\jvm.dll
0x00007ff935ab0000 - 0x00007ff935ab8000 	C:\WINDOWS\System32\PSAPI.DLL
0x00007ff916ef0000 - 0x00007ff916ef9000 	C:\WINDOWS\SYSTEM32\WSOCK32.dll
0x00007ff936c30000 - 0x00007ff936ca1000 	C:\WINDOWS\System32\WS2_32.dll
0x00007ff92ef60000 - 0x00007ff92ef94000 	C:\WINDOWS\SYSTEM32\WINMM.dll
0x00007ff91a900000 - 0x00007ff91a90a000 	C:\Program Files\Java\jdk-18.0.2.1\bin\jimage.dll
0x00007ff931530000 - 0x00007ff93175e000 	C:\WINDOWS\SYSTEM32\DBGHELP.DLL
0x00007ff9365e0000 - 0x00007ff936969000 	C:\WINDOWS\System32\combase.dll
0x00007ff936500000 - 0x00007ff9365d7000 	C:\WINDOWS\System32\OLEAUT32.dll
0x00007ff915dd0000 - 0x00007ff915e02000 	C:\WINDOWS\SYSTEM32\dbgcore.DLL
0x0000014dfc8e0000 - 0x0000014dfc95b000 	C:\WINDOWS\System32\bcryptPrimitives.dll
0x00007ff8ee2c0000 - 0x00007ff8ee2fb000 	C:\Program Files\Java\jdk-18.0.2.1\bin\jdwp.dll
0x00007ff915e40000 - 0x00007ff915e4e000 	C:\Program Files\Java\jdk-18.0.2.1\bin\instrument.dll
0x00007ff8fe120000 - 0x00007ff8fe145000 	C:\Program Files\Java\jdk-18.0.2.1\bin\java.dll
0x00007ff8eafe0000 - 0x00007ff8eb0b6000 	C:\Program Files\Java\jdk-18.0.2.1\bin\jsvml.dll
0x0000014d93400000 - 0x0000014d93bf0000 	C:\WINDOWS\System32\SHELL32.dll
0x00007ff9322e0000 - 0x00007ff932bae000 	C:\WINDOWS\SYSTEM32\windows.storage.dll
0x00007ff9321a0000 - 0x00007ff9322de000 	C:\WINDOWS\SYSTEM32\wintypes.dll
0x00007ff935960000 - 0x00007ff935a51000 	C:\WINDOWS\System32\SHCORE.dll
0x00007ff935900000 - 0x00007ff93595e000 	C:\WINDOWS\System32\shlwapi.dll
0x00007ff934200000 - 0x00007ff934221000 	C:\WINDOWS\SYSTEM32\profapi.dll
0x00007ff91bf50000 - 0x00007ff91bf5c000 	C:\Program Files\Java\jdk-18.0.2.1\bin\dt_socket.dll
0x00007ff932e90000 - 0x00007ff932ebd000 	C:\WINDOWS\SYSTEM32\IPHLPAPI.DLL
0x00007ff933790000 - 0x00007ff9337f9000 	C:\WINDOWS\system32\mswsock.dll
0x00007ff932ec0000 - 0x00007ff932fb3000 	C:\WINDOWS\SYSTEM32\DNSAPI.dll
0x00007ff934cb0000 - 0x00007ff934cb9000 	C:\WINDOWS\System32\NSI.dll
0x00007ff92f2d0000 - 0x00007ff92f2da000 	C:\Windows\System32\rasadhlp.dll
0x00007ff92edf0000 - 0x00007ff92ee73000 	C:\WINDOWS\System32\fwpuclnt.dll
0x00007ff8fc520000 - 0x00007ff8fc538000 	C:\Program Files\Java\jdk-18.0.2.1\bin\zip.dll
0x00007ff8fa760000 - 0x00007ff8fa773000 	C:\Program Files\Java\jdk-18.0.2.1\bin\net.dll
0x00007ff9302e0000 - 0x00007ff93040f000 	C:\WINDOWS\SYSTEM32\WINHTTP.dll
0x00007ff8f3c10000 - 0x00007ff8f3c26000 	C:\Program Files\Java\jdk-18.0.2.1\bin\nio.dll
0x00007ff90c0c0000 - 0x00007ff90c0c9000 	C:\Program Files\Java\jdk-18.0.2.1\bin\management.dll
0x00007ff90b480000 - 0x00007ff90b48b000 	C:\Program Files\Java\jdk-18.0.2.1\bin\management_ext.dll
0x00007ff90b460000 - 0x00007ff90b477000 	C:\WINDOWS\system32\napinsp.dll
0x00007ff90b410000 - 0x00007ff90b42b000 	C:\WINDOWS\system32\pnrpnsp.dll
0x00007ff90b3f0000 - 0x00007ff90b401000 	C:\WINDOWS\System32\winrnr.dll
0x00007ff90b3d0000 - 0x00007ff90b3e5000 	C:\WINDOWS\system32\wshbth.dll
0x00007ff90b3a0000 - 0x00007ff90b3c1000 	C:\WINDOWS\system32\nlansp_c.dll
0x00007ff9339f0000 - 0x00007ff933a0b000 	C:\WINDOWS\SYSTEM32\CRYPTSP.dll
0x00007ff933290000 - 0x00007ff9332c5000 	C:\WINDOWS\system32\rsaenh.dll
0x00007ff933890000 - 0x00007ff9338b8000 	C:\WINDOWS\SYSTEM32\USERENV.dll
0x00007ff933a10000 - 0x00007ff933a1c000 	C:\WINDOWS\SYSTEM32\CRYPTBASE.dll
0x00007ff92f340000 - 0x00007ff92f359000 	C:\WINDOWS\SYSTEM32\dhcpcsvc6.DLL
0x00007ff92f2e0000 - 0x00007ff92f2ff000 	C:\WINDOWS\SYSTEM32\dhcpcsvc.DLL
0x00007ff90c6b0000 - 0x00007ff90c6c0000 	C:\Program Files\Java\jdk-18.0.2.1\bin\verify.dll
0x00007ff90c1c0000 - 0x00007ff90c1ce000 	C:\Program Files\Java\jdk-18.0.2.1\bin\sunmscapi.dll
0x0000014d95a10000 - 0x0000014d95b76000 	C:\WINDOWS\System32\CRYPT32.dll
0x00007ff933b80000 - 0x00007ff933bad000 	C:\WINDOWS\SYSTEM32\ncrypt.dll
0x00007ff933b40000 - 0x00007ff933b77000 	C:\WINDOWS\SYSTEM32\NTASN1.dll

dbghelp: loaded successfully - version: 4.0.5 - missing functions: none
symbol engine: initialized successfully - sym options: 0x614 - pdb path: .;C:\Program Files\Java\jdk-18.0.2.1\bin;C:\WINDOWS\SYSTEM32;C:\WINDOWS\WinSxS\amd64_microsoft.windows.common-controls_6595b64144ccf1df_6.0.22621.608_none_a9444ca7c10bb01d;C:\Program Files (x86)\Citrix\ICA Client;C:\Program Files\Java\jdk-18.0.2.1\bin\server

VM Arguments:
jvm_args: -XX:+ShowCodeDetailsInExceptionMessages -agentlib:jdwp=transport=dt_socket,suspend=y,address=localhost:55793 -Dcom.sun.management.jmxremote -Dcom.sun.management.jmxremote.port=55792 -Dcom.sun.management.jmxremote.authenticate=false -Dcom.sun.management.jmxremote.ssl=false -Djava.rmi.server.hostname=localhost -Dspring.jmx.enabled=true -Dspring.liveBeansView.mbeanDomain -Dspring.application.admin.enabled=true -XX:TieredStopAtLevel=1 -Dspring.boot.project.name=e-care-services -javaagent:D:\Ankur_Wadatkar\Softwares\spring-tool-suite-3.9.18.RELEASE-e4.21.0-win32-x86_64\sts-bundle\sts-3.9.18.RELEASE\configuration\org.eclipse.osgi\312\0\.cp\lib\javaagent-shaded.jar -Dfile.encoding=UTF-8 
java_command: com.bs.ECareServicesApplication --spring.output.ansi.enabled=always
java_class_path (initial): D:\Ankur_Wadatkar\Local_Repos\e-care-services\target\classes;C:\Users\nikhi\.m2\repository\org\webjars\bootstrap\3.3.7\bootstrap-3.3.7.jar;C:\Users\nikhi\.m2\repository\javax\servlet\jstl\1.2\jstl-1.2.jar;C:\Users\nikhi\.m2\repository\org\webjars\bootstrap-datepicker\1.0.1\bootstrap-datepicker-1.0.1.jar;C:\Users\nikhi\.m2\repository\org\webjars\jquery\2.2.4\jquery-2.2.4.jar;C:\Users\nikhi\.m2\repository\org\apache\tomcat\embed\tomcat-embed-jasper\9.0.71\tomcat-embed-jasper-9.0.71.jar;C:\Users\nikhi\.m2\repository\org\apache\tomcat\embed\tomcat-embed-core\9.0.71\tomcat-embed-core-9.0.71.jar;C:\Users\nikhi\.m2\repository\org\apache\tomcat\tomcat-annotations-api\9.0.71\tomcat-annotations-api-9.0.71.jar;C:\Users\nikhi\.m2\repository\org\apache\tomcat\embed\tomcat-embed-el\9.0.71\tomcat-embed-el-9.0.71.jar;C:\Users\nikhi\.m2\repository\org\eclipse\jdt\ecj\3.26.0\ecj-3.26.0.jar;C:\Users\nikhi\.m2\repository\org\springframework\boot\spring-boot-starter-data-jpa\2.7.9\spring-boot-starter-data-jpa-2.7.9.jar;C:\Users\nikhi\.m2\repository\org\springframework\boot\spring-boot-starter-aop\2.7.9\spring-boot-starter-aop-2.7.9.jar;C:\Users\nikhi\.m2\repository\org\springframework\spring-aop\5.3.25\spring-aop-5.3.25.jar;C:\Users\nikhi\.m2\repository\org\aspectj\aspectjweaver\1.9.7\aspectjweaver-1.9.7.jar;C:\Users\nikhi\.m2\repository\org\springframework\boot\spring-boot-starter-jdbc\2.7.9\spring-boot-starter-jdbc-2.7.9.jar;C:\Users\nikhi\.m2\repository\com\zaxxer\HikariCP\4.0.3\HikariCP-4.0.3.jar;C:\Users\nikhi\.m2\repository\org\springframework\spring-jdbc\5.3.25\spring-jdbc-5.3.25.jar;C:\Users\nikhi\.m2\repository\jakarta\transaction\jakarta.transaction-api\1.3.3\jakarta.transaction-api-1.3.3.jar;C:\Users\nikhi\.m2\repository\jakarta\persistence\jakarta.persistence-api\2.2.3\jakarta.persistence-api-2.2.3.jar;C:\Users\nikhi\.m2\repository\org\hibernate\hibernate-core\5.6.15.Final\hibernate-core-5.6.15.Final.jar;C:\Users\nikhi\.m2\repository\org\jboss\logging\jboss-logging\3.4.3.Final\jboss-logging-3.4.3.Final.jar;C:\Users\nikhi\.m2\repository\net\bytebuddy\byte-buddy\1.12.23\byte-buddy-1.12.23.jar;C:\Users\nikhi\.m2\repository\antlr\antlr\2.7.7\antlr-2.7.7.jar;C:\Users\nikhi\.m2\repository\org\jboss\jandex\2.4.2.Final\jandex-2.4.2.Final.jar;C:\Users\nikhi\.m2\repository\com\fasterxml\classmate\1.5.1\classmate-1.5.1.jar;C:\Users\nikhi\.m2\repository\org\hibernate\common\hibernate-commons-annotations\5.1.2.Final\hibernate-commons-annotations-5.1.2.Final.jar;C:\Users\nikhi\.m2\repository\org\glassfish\jaxb\jaxb-runtime\2.3.8\jaxb-runtime-2.3.8.jar;C:\Users\nikhi\.m2\repository\org\glassfish\jaxb\txw2\2.3.8\txw2-2.3.8.jar;C:\Users\nikhi\.m2\repository\com\sun\istack\istack-commons-runtime\3.0.12\istack-commons-runtime-3.0.12.jar;C:\Users\nikhi\.m2\repository\com\sun\activation\jakarta.activation\1.2.2\jakarta.activation-1.2.2.jar;C:\Users\nikhi\.m2\repository\org\springframework\data\spring-data-jpa\2.7.8\spring-data-jpa-2.7.8.jar;C:\Users\nikhi\.m2\repository\org\springframework\data\spring-data-commons\2.7.8\spring-data-commons-2.7.8.jar;C:\Users\nikhi\.m2\repository\org\springframework\spring-orm\5.3.25\spring-orm-5.3.25.jar;C:\Users\nikhi\.m2\repository\org\springframework\spring-context\5.3.25\spring-context-5.3.25.jar;C:\Users\nikhi\.m2\repository\org\springframework\spring-tx\5.3.25\spring-tx-5.3.25.jar;C:\Users\nikhi\.m2\repository\org\springframework\spring-beans\5.3.25\spring-beans-5.3.25.jar;C:\Users\nikhi\.m2\repository\org\slf4j\slf4j-api\1.7.36\slf4j-api-1.7.36.jar;C:\Users\nikhi\.m2\repository\org\springframework\spring-aspects\5.3.25\spring-aspects-5.3.25.jar;C:\Users\nikhi\.m2\repository\org\springframework\boot\spring-boot-starter-web\2.7.9\spring-boot-starter-web-2.7.9.jar;C:\Users\nikhi\.m2\repository\org\springframework\boot\spring-boot-starter\2.7.9\spring-boot-starter-2.7.9.jar;C:\Users\nikhi\.m2\repository\org\springframework\boot\spring-boot-starter-logging\2.7.9\spring-boot-starter-logging-2.7.9.jar;C:\Users\nikhi\.m2\repository\ch\qos\logback\logback-classic\1.2.11\logback-classic-1.2.11.jar;C:\Users\nikhi\.m2\repository\ch\qos\logback\logback-core\1.2.11\logback-core-1.2.11.jar;C:\Users\nikhi\.m2\repository\org\apache\logging\log4j\log4j-to-slf4j\2.17.2\log4j-to-slf4j-2.17.2.jar;C:\Users\nikhi\.m2\repository\org\apache\logging\log4j\log4j-api\2.17.2\log4j-api-2.17.2.jar;C:\Users\nikhi\.m2\repository\org\slf4j\jul-to-slf4j\1.7.36\jul-to-slf4j-1.7.36.jar;C:\Users\nikhi\.m2\repository\jakarta\annotation\jakarta.annotation-api\1.3.5\jakarta.annotation-api-1.3.5.jar;C:\Users\nikhi\.m2\repository\org\yaml\snakeyaml\1.30\snakeyaml-1.30.jar;C:\Users\nikhi\.m2\repository\org\springframework\boot\spring-boot-starter-json\2.7.9\spring-boot-starter-json-2.7.9.jar;C:\Users\nikhi\.m2\repository\com\fasterxml\jackson\core\jackson-databind\2.13.5\jackson-databind-2.13.5.jar;C:\Users\nikhi\.m2\repository\com\fasterxml\jackson\core\jackson-annotations\2.13.5\jackson-annotations-2.13.5.jar;C:\Users\nikhi\.m2\repository\com\fasterxml\jackson\core\jackson-core\2.13.5\jackson-core-2.13.5.jar;C:\Users\nikhi\.m2\repository\com\fasterxml\jackson\datatype\jackson-datatype-jdk8\2.13.5\jackson-datatype-jdk8-2.13.5.jar;C:\Users\nikhi\.m2\repository\com\fasterxml\jackson\datatype\jackson-datatype-jsr310\2.13.5\jackson-datatype-jsr310-2.13.5.jar;C:\Users\nikhi\.m2\repository\com\fasterxml\jackson\module\jackson-module-parameter-names\2.13.5\jackson-module-parameter-names-2.13.5.jar;C:\Users\nikhi\.m2\repository\org\springframework\boot\spring-boot-starter-tomcat\2.7.9\spring-boot-starter-tomcat-2.7.9.jar;C:\Users\nikhi\.m2\repository\org\apache\tomcat\embed\tomcat-embed-websocket\9.0.71\tomcat-embed-websocket-9.0.71.jar;C:\Users\nikhi\.m2\repository\org\springframework\spring-web\5.3.25\spring-web-5.3.25.jar;C:\Users\nikhi\.m2\repository\org\springframework\spring-webmvc\5.3.25\spring-webmvc-5.3.25.jar;C:\Users\nikhi\.m2\repository\org\springframework\spring-expression\5.3.25\spring-expression-5.3.25.jar;C:\Users\nikhi\.m2\repository\org\springframework\boot\spring-boot-devtools\2.7.9\spring-boot-devtools-2.7.9.jar;C:\Users\nikhi\.m2\repository\org\springframework\boot\spring-boot\2.7.9\spring-boot-2.7.9.jar;C:\Users\nikhi\.m2\repository\org\springframework\boot\spring-boot-autoconfigure\2.7.9\spring-boot-autoconfigure-2.7.9.jar;C:\Users\nikhi\.m2\repository\com\mysql\mysql-connector-j\8.0.32\mysql-connector-j-8.0.32.jar;C:\Users\nikhi\.m2\repository\jakarta\xml\bind\jakarta.xml.bind-api\2.3.3\jakarta.xml.bind-api-2.3.3.jar;C:\Users\nikhi\.m2\repository\jakarta\activation\jakarta.activation-api\1.2.2\jakarta.activation-api-1.2.2.jar;C:\Users\nikhi\.m2\repository\org\springframework\spring-core\5.3.25\spring-core-5.3.25.jar;C:\Users\nikhi\.m2\repository\org\springframework\spring-jcl\5.3.25\spring-jcl-5.3.25.jar
Launcher Type: SUN_STANDARD

[Global flags]
     intx CICompilerCount                          = 4                                         {product} {ergonomic}
     uint ConcGCThreads                            = 2                                         {product} {ergonomic}
     uint G1ConcRefinementThreads                  = 8                                         {product} {ergonomic}
   size_t G1HeapRegionSize                         = 1048576                                   {product} {ergonomic}
    uintx GCDrainStackTargetSize                   = 64                                        {product} {ergonomic}
   size_t InitialHeapSize                          = 130023424                                 {product} {ergonomic}
     bool ManagementServer                         = true                                      {product} {command line}
   size_t MarkStackSize                            = 4194304                                   {product} {ergonomic}
   size_t MaxHeapSize                              = 2055208960                                {product} {ergonomic}
   size_t MaxNewSize                               = 1233125376                                {product} {ergonomic}
   size_t MinHeapDeltaBytes                        = 1048576                                   {product} {ergonomic}
   size_t MinHeapSize                              = 8388608                                   {product} {ergonomic}
    uintx NonProfiledCodeHeapSize                  = 0                                      {pd product} {ergonomic}
     bool ProfileInterpreter                       = false                                  {pd product} {command line}
    uintx ProfiledCodeHeapSize                     = 0                                      {pd product} {ergonomic}
     bool ShowCodeDetailsInExceptionMessages       = true                                   {manageable} {command line}
   size_t SoftMaxHeapSize                          = 2055208960                             {manageable} {ergonomic}
     intx TieredStopAtLevel                        = 1                                         {product} {command line}
     bool UseCompressedClassPointers               = true                           {product lp64_product} {ergonomic}
     bool UseCompressedOops                        = true                           {product lp64_product} {ergonomic}
     bool UseG1GC                                  = true                                      {product} {ergonomic}
     bool UseLargePagesIndividualAllocation        = false                                  {pd product} {ergonomic}

Logging:
Log output configuration:
 #0: stdout all=warning uptime,level,tags foldmultilines=false
 #1: stderr all=off uptime,level,tags foldmultilines=false

Environment Variables:
JAVA_HOME=C:\Program Files\Java\jdk-18.0.2.1
PATH=C:\Program Files\Common Files\Oracle\Java\javapath;C:\Users\nikhi\Downloads\WINDOWS.X64_213000_db_home\bin;C:\Program Files\Java\jdk-18.0.2.1;C:\oraclexe\app\oracle\product\11.2.0\server\bin;C:\WINDOWS\system32;C:\WINDOWS;C:\WINDOWS\System32\Wbem;C:\WINDOWS\System32\WindowsPowerShell\v1.0\;C:\WINDOWS\System32\OpenSSH\;C:\Program Files\TortoiseSVN\bin;C:\Program Files\MongoDB\Server\4.4\bin;C:\Program Files\PuTTY\;D:\Ankur Wadatkar\Softwares\apache-maven-3.8.7\bin;D:\Ankur_Wadatkar\Softwares\apache-maven-3.8.7\bin;C:\Program Files\nodejs\;C:\Program Files\Git\cmd;C:\Users\nikhi\AppData\Local\Microsoft\WindowsApps;C:\Program Files\JetBrains\IntelliJ IDEA Community Edition 2022.3.1\bin;;C:\Users\nikhi\AppData\Local\Programs\Microsoft VS Code\bin;;C:\Program Files\JetBrains\IntelliJ IDEA 2022.3.1\bin;;C:\Users\nikhi\AppData\Roaming\npm
USERNAME=nikhi
OS=Windows_NT
PROCESSOR_IDENTIFIER=Intel64 Family 6 Model 140 Stepping 1, GenuineIntel



---------------  S Y S T E M  ---------------

OS:
 Windows 11 , 64 bit Build 22621 (10.0.22621.1344)
OS uptime: 4 days 2:46 hours

CPU: total 8 (initial active 8) (4 cores per cpu, 2 threads per core) family 6 model 140 stepping 1 microcode 0x9a, cx8, cmov, fxsr, ht, mmx, 3dnowpref, sse, sse2, sse3, ssse3, sse4.1, sse4.2, popcnt, lzcnt, tsc, tscinvbit, avx, avx2, aes, erms, clmul, bmi1, bmi2, adx, avx512f, avx512dq, avx512cd, avx512bw, avx512vl, sha, fma, vzeroupper, avx512_vpopcntdq, avx512_vpclmulqdq, avx512_vaes, avx512_vnni, clflush, clflushopt, clwb, avx512_vbmi2, avx512_vbmi

Memory: 4k page, system-wide physical 7834M (738M free)
TotalPageFile size 24218M (AvailPageFile size 9936M)
current process WorkingSet (physical memory assigned to process): 217M, peak: 225M
current process commit charge ("private bytes"): 260M, peak: 266M

vm_info: Java HotSpot(TM) 64-Bit Server VM (18.0.2.1+1-1) for windows-amd64 JRE (18.0.2.1+1-1), built on Aug 16 2022 01:46:33 by "mach5one" with MS VC++ 16.8 / 16.9 (VS2019)

END.
